[2024-11-14 09:26:14,913: INFO: common: yaml file: config/config.yaml loaded successfully]
[2024-11-14 09:26:14,918: INFO: common: yaml file: params.yaml loaded successfully]
[2024-11-14 09:26:14,921: INFO: common: yaml file: schema.yaml loaded successfully]
[2024-11-14 09:26:14,922: INFO: common: created directory at: artifacts]
[2024-11-14 09:26:14,924: INFO: common: created directory at: artifacts/data_ingestion]
[2024-11-14 09:26:15,785: INFO: 2280763589: artifacts/data_ingestion/data.zip download! with following info: 
Connection: close
Content-Length: 100356
Cache-Control: max-age=300
Content-Security-Policy: default-src 'none'; style-src 'unsafe-inline'; sandbox
Content-Type: application/zip
ETag: "c7eb16441bd00dc318bbc922b362147e8ed3565dc5d64a9c26ca21170ebbd49e"
Strict-Transport-Security: max-age=31536000
X-Content-Type-Options: nosniff
X-Frame-Options: deny
X-XSS-Protection: 1; mode=block
X-GitHub-Request-Id: 31F5:16B5:23B4B8:27515B:673632B7
Accept-Ranges: bytes
Date: Thu, 14 Nov 2024 17:26:16 GMT
Via: 1.1 varnish
X-Served-By: cache-bfi-krnt7300114-BFI
X-Cache: MISS
X-Cache-Hits: 0
X-Timer: S1731605176.900092,VS0,VE187
Vary: Authorization,Accept-Encoding,Origin
Access-Control-Allow-Origin: *
Cross-Origin-Resource-Policy: cross-origin
X-Fastly-Request-ID: 30c57b903295d1c84cae8108cfcc0ed214dfc2e7
Expires: Thu, 14 Nov 2024 17:31:16 GMT
Source-Age: 0

]
[2024-11-14 10:00:11,433: INFO: main: >>>>>> stage Data Ingestion stage started <<<<<<]
[2024-11-14 10:00:11,436: INFO: common: yaml file: config/config.yaml loaded successfully]
[2024-11-14 10:00:11,437: INFO: common: yaml file: params.yaml loaded successfully]
[2024-11-14 10:00:11,438: INFO: common: yaml file: schema.yaml loaded successfully]
[2024-11-14 10:00:11,439: INFO: common: created directory at: artifacts]
[2024-11-14 10:00:11,439: INFO: common: created directory at: artifacts/data_ingestion]
[2024-11-14 10:00:11,439: INFO: data_ingestion: File already exists of size: ~ 98 KB]
[2024-11-14 10:00:11,443: INFO: main: >>>>>> stage Data Ingestion stage completed <<<<<<

x==========x]
[2024-11-14 10:00:37,841: INFO: main: >>>>>> stage Data Ingestion stage started <<<<<<]
[2024-11-14 10:00:37,844: INFO: common: yaml file: config/config.yaml loaded successfully]
[2024-11-14 10:00:37,845: INFO: common: yaml file: params.yaml loaded successfully]
[2024-11-14 10:00:37,846: INFO: common: yaml file: schema.yaml loaded successfully]
[2024-11-14 10:00:37,846: INFO: common: created directory at: artifacts]
[2024-11-14 10:00:37,847: INFO: common: created directory at: artifacts/data_ingestion]
[2024-11-14 10:00:37,847: INFO: data_ingestion: File already exists of size: ~ 98 KB]
[2024-11-14 10:00:37,850: INFO: main: >>>>>> stage Data Ingestion stage completed <<<<<<

x==========x]
[2024-11-14 10:01:12,951: INFO: main: >>>>>> stage Data Ingestion stage started <<<<<<]
[2024-11-14 10:01:12,954: INFO: common: yaml file: config/config.yaml loaded successfully]
[2024-11-14 10:01:12,954: INFO: common: yaml file: params.yaml loaded successfully]
[2024-11-14 10:01:12,956: INFO: common: yaml file: schema.yaml loaded successfully]
[2024-11-14 10:01:12,956: INFO: common: created directory at: artifacts]
[2024-11-14 10:01:12,956: INFO: common: created directory at: artifacts/data_ingestion]
[2024-11-14 10:01:12,956: INFO: data_ingestion: File already exists of size: ~ 98 KB]
[2024-11-14 10:01:12,960: INFO: main: >>>>>> stage Data Ingestion stage completed <<<<<<

x==========x]
[2024-11-14 10:02:02,620: INFO: main: >>>>>> stage Data Ingestion stage started <<<<<<]
[2024-11-14 10:02:02,623: INFO: common: yaml file: config/config.yaml loaded successfully]
[2024-11-14 10:02:02,623: INFO: common: yaml file: params.yaml loaded successfully]
[2024-11-14 10:02:02,625: INFO: common: yaml file: schema.yaml loaded successfully]
[2024-11-14 10:02:02,625: INFO: common: created directory at: artifacts]
[2024-11-14 10:02:02,625: INFO: common: created directory at: artifacts/data_ingestion]
[2024-11-14 10:02:02,626: INFO: data_ingestion: File already exists of size: ~ 98 KB]
[2024-11-14 10:02:02,629: INFO: main: >>>>>> stage Data Ingestion stage completed <<<<<<

x==========x]
[2024-11-14 10:48:31,313: INFO: common: yaml file: config/config.yaml loaded successfully]
[2024-11-14 10:48:31,315: INFO: common: yaml file: params.yaml loaded successfully]
[2024-11-14 10:48:31,318: INFO: common: yaml file: schema.yaml loaded successfully]
[2024-11-14 10:48:31,320: INFO: common: created directory at: artifacts]
[2024-11-14 10:48:31,322: INFO: common: created directory at: artifacts/data_validation]
[2024-11-14 10:52:14,323: INFO: common: yaml file: config/config.yaml loaded successfully]
[2024-11-14 10:52:14,326: INFO: common: yaml file: params.yaml loaded successfully]
[2024-11-14 10:52:14,328: INFO: common: yaml file: schema.yaml loaded successfully]
[2024-11-14 10:52:14,330: INFO: common: created directory at: artifacts]
[2024-11-14 10:52:14,332: INFO: common: created directory at: artifacts/data_validation]
[2024-11-14 10:53:52,706: INFO: common: yaml file: config/config.yaml loaded successfully]
[2024-11-14 10:53:52,709: INFO: common: yaml file: params.yaml loaded successfully]
[2024-11-14 10:53:52,711: INFO: common: yaml file: schema.yaml loaded successfully]
[2024-11-14 10:53:52,712: INFO: common: created directory at: artifacts]
[2024-11-14 10:53:52,713: INFO: common: created directory at: artifacts/data_validation]
[2024-11-14 10:54:17,616: INFO: utils: Note: NumExpr detected 16 cores but "NUMEXPR_MAX_THREADS" not set, so enforcing safe limit of 8.]
[2024-11-14 10:54:17,617: INFO: utils: NumExpr defaulting to 8 threads.]
[2024-11-14 10:54:19,141: INFO: common: yaml file: config/config.yaml loaded successfully]
[2024-11-14 10:54:19,144: INFO: common: yaml file: params.yaml loaded successfully]
[2024-11-14 10:54:19,147: INFO: common: yaml file: schema.yaml loaded successfully]
[2024-11-14 10:54:19,149: INFO: common: created directory at: artifacts]
[2024-11-14 10:54:19,151: INFO: common: created directory at: artifacts/data_transformation]
[2024-11-14 10:54:19,215: INFO: 741865018: Splited data into training and test sets]
[2024-11-14 10:54:19,216: INFO: 741865018: (4872, 13)]
[2024-11-14 10:54:19,217: INFO: 741865018: (1625, 13)]
